<?xml version="1.0" encoding="UTF-8"?>
<!-- Generated by org.testng.reporters.JUnitXMLReporter -->
<testsuite ignored="0" hostname="apples-MacBook-Pro-6.local" failures="1" tests="4" name="Test" time="4.338" errors="0" timestamp="2024-12-10T13:08:31 IST">
  <testcase classname="testcases.SendSignupOtpTest" name="testSendSignupOtp" time="1.609"/>
  <testcase classname="testcases.VerifySignupOtpTest" name="testVerifySignupOtp" time="1.103"/>
  <testcase classname="testcases.UpdateOrganisationProfileTest" name="testUpdateOrganisationProfile" time="0.465"/>
  <testcase classname="testcases.UpdateOrganisationProfileTest1" name="testUpdateOrganisationProfile" time="0.244">
    <failure type="java.lang.AssertionError" message="expected:&amp;lt;Test Company&amp;gt; but was:&amp;lt;Company name should match.&amp;gt;">
      <![CDATA[java.lang.AssertionError: expected:<Test Company> but was:<Company name should match.>
at testcases.UpdateOrganisationProfileTest1.testUpdateOrganisationProfile(UpdateOrganisationProfileTest1.java:47)
at java.base/java.util.ArrayList.forEach(ArrayList.java:1597)
... Removed 26 stack frames]]>
    </failure>
  </testcase> <!-- testUpdateOrganisationProfile -->
</testsuite> <!-- Test -->
