<?xml version="1.0" encoding="UTF-8"?>
<testng-results ignored="0" total="4" passed="3" failed="1" skipped="0">
  <reporter-output>
  </reporter-output>
  <suite started-at="2024-12-10T13:08:21 IST" name="Suite" finished-at="2024-12-10T13:08:26 IST" duration-ms="4338">
    <groups>
    </groups>
    <test started-at="2024-12-10T13:08:21 IST" name="Test" finished-at="2024-12-10T13:08:26 IST" duration-ms="4338">
      <class name="testcases.UpdateOrganisationProfileTest1">
        <test-method is-config="true" signature="setup()[pri:0, instance:testcases.UpdateOrganisationProfileTest1@15c43bd9]" started-at="2024-12-10T13:08:25 IST" name="setup" finished-at="2024-12-10T13:08:25 IST" duration-ms="1" status="PASS">
          <reporter-output>
          </reporter-output>
        </test-method> <!-- setup -->
        <test-method signature="testUpdateOrganisationProfile()[pri:0, instance:testcases.UpdateOrganisationProfileTest1@15c43bd9]" started-at="2024-12-10T13:08:25 IST" name="testUpdateOrganisationProfile" finished-at="2024-12-10T13:08:26 IST" duration-ms="244" status="FAIL">
          <exception class="java.lang.AssertionError">
            <message>
              <![CDATA[expected:<Test Company> but was:<Company name should match.>]]>
            </message>
            <full-stacktrace>
              <![CDATA[java.lang.AssertionError: expected:<Test Company> but was:<Company name should match.>
at org.testng.AssertJUnit.assertEquals(AssertJUnit.java:115)
at testcases.UpdateOrganisationProfileTest1.testUpdateOrganisationProfile(UpdateOrganisationProfileTest1.java:47)
at java.base/jdk.internal.reflect.DirectMethodHandleAccessor.invoke(DirectMethodHandleAccessor.java:103)
at java.base/java.lang.reflect.Method.invoke(Method.java:580)
at org.testng.internal.invokers.MethodInvocationHelper.invokeMethod(MethodInvocationHelper.java:139)
at org.testng.internal.invokers.TestInvoker.invokeMethod(TestInvoker.java:664)
at org.testng.internal.invokers.TestInvoker.invokeTestMethod(TestInvoker.java:227)
at org.testng.internal.invokers.MethodRunner.runInSequence(MethodRunner.java:50)
at org.testng.internal.invokers.TestInvoker$MethodInvocationAgent.invoke(TestInvoker.java:957)
at org.testng.internal.invokers.TestInvoker.invokeTestMethods(TestInvoker.java:200)
at org.testng.internal.invokers.TestMethodWorker.invokeTestMethods(TestMethodWorker.java:148)
at org.testng.internal.invokers.TestMethodWorker.run(TestMethodWorker.java:128)
at java.base/java.util.ArrayList.forEach(ArrayList.java:1597)
at org.testng.TestRunner.privateRun(TestRunner.java:848)
at org.testng.TestRunner.run(TestRunner.java:621)
at org.testng.SuiteRunner.runTest(SuiteRunner.java:443)
at org.testng.SuiteRunner.runSequentially(SuiteRunner.java:437)
at org.testng.SuiteRunner.privateRun(SuiteRunner.java:397)
at org.testng.SuiteRunner.run(SuiteRunner.java:336)
at org.testng.SuiteRunnerWorker.runSuite(SuiteRunnerWorker.java:52)
at org.testng.SuiteRunnerWorker.run(SuiteRunnerWorker.java:95)
at org.testng.TestNG.runSuitesSequentially(TestNG.java:1280)
at org.testng.TestNG.runSuitesLocally(TestNG.java:1200)
at org.testng.TestNG.runSuites(TestNG.java:1114)
at org.testng.TestNG.run(TestNG.java:1082)
at org.testng.remote.AbstractRemoteTestNG.run(AbstractRemoteTestNG.java:115)
at org.testng.remote.RemoteTestNG.initAndRun(RemoteTestNG.java:293)
at org.testng.remote.RemoteTestNG.main(RemoteTestNG.java:91)
]]>
            </full-stacktrace>
          </exception> <!-- java.lang.AssertionError -->
          <reporter-output>
          </reporter-output>
        </test-method> <!-- testUpdateOrganisationProfile -->
      </class> <!-- testcases.UpdateOrganisationProfileTest1 -->
      <class name="testcases.SendSignupOtpTest">
        <test-method is-config="true" signature="setup()[pri:0, instance:testcases.SendSignupOtpTest@50a638b5]" started-at="2024-12-10T13:08:21 IST" name="setup" finished-at="2024-12-10T13:08:22 IST" duration-ms="841" status="PASS">
          <reporter-output>
          </reporter-output>
        </test-method> <!-- setup -->
        <test-method signature="testSendSignupOtp()[pri:0, instance:testcases.SendSignupOtpTest@50a638b5]" started-at="2024-12-10T13:08:22 IST" name="testSendSignupOtp" finished-at="2024-12-10T13:08:24 IST" duration-ms="1609" status="PASS">
          <reporter-output>
          </reporter-output>
        </test-method> <!-- testSendSignupOtp -->
      </class> <!-- testcases.SendSignupOtpTest -->
      <class name="testcases.UpdateOrganisationProfileTest">
        <test-method is-config="true" signature="setup()[pri:0, instance:testcases.UpdateOrganisationProfileTest@41e36e46]" started-at="2024-12-10T13:08:25 IST" name="setup" finished-at="2024-12-10T13:08:25 IST" duration-ms="5" status="PASS">
          <reporter-output>
          </reporter-output>
        </test-method> <!-- setup -->
        <test-method signature="testUpdateOrganisationProfile()[pri:0, instance:testcases.UpdateOrganisationProfileTest@41e36e46]" started-at="2024-12-10T13:08:25 IST" name="testUpdateOrganisationProfile" finished-at="2024-12-10T13:08:25 IST" duration-ms="465" status="PASS">
          <reporter-output>
          </reporter-output>
        </test-method> <!-- testUpdateOrganisationProfile -->
      </class> <!-- testcases.UpdateOrganisationProfileTest -->
      <class name="testcases.VerifySignupOtpTest">
        <test-method is-config="true" signature="setup()[pri:0, instance:testcases.VerifySignupOtpTest@76508ed1]" started-at="2024-12-10T13:08:24 IST" name="setup" finished-at="2024-12-10T13:08:24 IST" duration-ms="4" status="PASS">
          <reporter-output>
          </reporter-output>
        </test-method> <!-- setup -->
        <test-method signature="testVerifySignupOtp()[pri:0, instance:testcases.VerifySignupOtpTest@76508ed1]" started-at="2024-12-10T13:08:24 IST" name="testVerifySignupOtp" finished-at="2024-12-10T13:08:25 IST" duration-ms="1103" status="PASS">
          <reporter-output>
          </reporter-output>
        </test-method> <!-- testVerifySignupOtp -->
      </class> <!-- testcases.VerifySignupOtpTest -->
    </test> <!-- Test -->
  </suite> <!-- Suite -->
</testng-results>
